<?xml version="1.0" encoding="UTF-8"?>
<!-- Generated by org.testng.reporters.JUnitReportReporter -->
<testsuite hostname="Kunal-PC" name="practice_maven.UpdateTest" tests="2" failures="0" timestamp="18 Jan 2023 07:39:20 GMT" time="0.031" errors="0">
  <testcase name="updateProject" time="0.015" classname="practice_maven.UpdateTest"/>
  <testcase name="deleteProject" time="0.016" classname="practice_maven.UpdateTest"/>
</testsuite> <!-- practice_maven.UpdateTest -->
