<?xml version="1.0" encoding="UTF-8"?>
<!-- Generated by org.testng.reporters.JUnitReportReporter -->
<testsuite hostname="Kunal-PC" name="practice_maven.CreateTest" tests="2" failures="0" timestamp="18 Jan 2023 07:39:20 GMT" time="0.046" errors="0">
  <testcase name="validates" time="0.015" classname="practice_maven.CreateTest"/>
  <testcase name="create" time="0.031" classname="practice_maven.CreateTest"/>
</testsuite> <!-- practice_maven.CreateTest -->
